<?xml version="1.0" encoding="UTF-8"?>
<!-- Generated by org.testng.reporters.JUnitReportReporter -->
<testsuite hostname="DESKTOP-GG0HD2N" failures="0" tests="2" name="datePickertest.GuviSignupLoginTest" time="15.897" errors="0" timestamp="2023-12-09T21:37:34 IST" skipped="0">
  <testcase classname="datePickertest.GuviSignupLoginTest" name="signUp" time="8.587"/>
  <testcase classname="datePickertest.GuviSignupLoginTest" name="logIn" time="7.310"/>
</testsuite> <!-- datePickertest.GuviSignupLoginTest -->
