<?xml version="1.0" encoding="UTF-8"?>
<!-- Generated by org.testng.reporters.JUnitReportReporter -->
<testsuite hostname="DESKTOP-GG0HD2N" failures="0" tests="1" name="datePickertest.DatePickerAutomation" time="1.247" errors="0" timestamp="2023-12-10T20:38:50 IST" skipped="0">
  <testcase classname="datePickertest.DatePickerAutomation" name="selectDateFromDatePicker" time="1.247"/>
</testsuite> <!-- datePickertest.DatePickerAutomation -->
